Microsoft (R) TTDRecord 1.01.11 x64
Release: 1.11.584.0
Copyright (C) Microsoft Corporation. All rights reserved.


Initializing Time Travel Debugging for Launch of C:\github\dr-house-rs\target\release\stack-overflow-x64.exe
Time: 05/22/2026 15:19:00
OS:10.0.26200 EDITION:x64

SessionID: 34E57791-F460-4645-B1A5-5C441650350D

   (TTD::ManageTTDTrace:2710)
Running C:\github\dr-house-rs\target\release\stack-overflow-x64.exe
   (TTD::StartGuestProcess:1493)
Group tracing GUID: 47335801-EEBA-43A6-B15D-16B4F5038B53

Running "C:\github\dr-house-rs\extension\resources\ttd\x64\TTDInject.exe" /duration 0 /InjectMode LoaderForCombinedRecording /ClientParams "53 C:\github\dr-house-rs\fixtures\stack-overflow-x64.run 0 0 0 0 0 0 1 0 806001 0" /RecordScenario 268435457 /attach 25180 /SuspendedAtLaunch -TraceFileHandle 14 -GuestEventHandle 18 -ClientEventHandle 1c -ActiveEventHandle 20 -MutexHandle 24 -CommunicationBufferHandle 28 -SharedSequenceMutexHandle 2c -SharedSequenceBufferHandle 30 /TelemetryFeatureSessionId "34E57791-F460-4645-B1A5-5C441650350D"
   (TTD::StartGuestProcess:1989)
Microsoft (R) TTDInject 1.01.11 x64
Release: 1.11.584.0
Copyright (C) Microsoft Corporation. All rights reserved.

TTDLoader Params:
 LauncherDll = TTDLoader
 ClientDll   = TTDRecordCPU
 ClientEntry = InitializeNirvanaClient
 ClientParams= 53 C:\github\dr-house-rs\fixtures\stack-overflow-x64.run 0 0 0 0 0 0 1 0 806001 0
 SuspendedAtLaunch
WaitForMain is on
TTDInject: QueryProcessorAndGroupInformation group 0 reports 32 processors.
TTDInject: QueryProcessorAndGroupInformation reports 32 total processors in 1 groups.
TTDInject: QuerySystemBasicInformation reports 32 processors.
Allocated processors:55, running threads:1.
Loader TTDLoader.dll injected at 0x00007FFB5EB40000 0xa000 -- .reload  TTDLoader.dll=0x00007FFB5EB40000,0xa000

Injection by thread is complete.
RecordingEngine initialization successful.
RecordVcpu initialization successful.
Loader initialization successful.
Guest Process is x64 binary.
Tracing started at: Fri May 22 19:19:00 2026 (UTC) Fri May 22 15:19:00 2026 (Local)

Guest process exited with exit code 3221225477
Simulation time of 'C:\github\dr-house-rs\target\release\stack-overflow-x64.exe' (x64): 1657ms.
Tracing completed at: Fri May 22 19:19:01 2026 (UTC) Fri May 22 15:19:01 2026 (Local)

Trace dumped to C:\github\dr-house-rs\fixtures\stack-overflow-x64.run
